#
# A fatal error has been detected by the Java Runtime Environment:
#
#  EXCEPTION_ACCESS_VIOLATION (0xc0000005) at pc=0x00007ffc82df4d46, pid=8524, tid=10636
#
# JRE version: Java(TM) SE Runtime Environment (18.0.1+10) (build 18.0.1+10-24)
# Java VM: Java HotSpot(TM) 64-Bit Server VM (18.0.1+10-24, mixed mode, emulated-client, sharing, tiered, compressed oops, compressed class ptrs, g1 gc, windows-amd64)
# Problematic frame:
# V  [jvm.dll+0x1c4d46]
#
# No core dump will be written. Minidumps are not enabled by default on client versions of Windows
#
# If you would like to submit a bug report, please visit:
#   https://bugreport.java.com/bugreport/crash.jsp
#

---------------  S U M M A R Y ------------

Command Line: -XX:TieredStopAtLevel=1 -Dspring.output.ansi.enabled=always -Dcom.sun.management.jmxremote -Dspring.jmx.enabled=true -Dspring.liveBeansView.mbeanDomain -Dspring.application.admin.enabled=true -javaagent:C:\Program Files\JetBrains\IntelliJ IDEA 2022.2\lib\idea_rt.jar=53986:C:\Program Files\JetBrains\IntelliJ IDEA 2022.2\bin -Dfile.encoding=UTF-8 dev.webapplication.todolist.ToDoListApplication

Host: Intel(R) Pentium(R) CPU N4200 @ 1.10GHz, 4 cores, 3G,  Windows 10 , 64 bit Build 19041 (10.0.19041.3155)
Time: Thu Aug 17 02:45:48 2023  Windows 10 , 64 bit Build 19041 (10.0.19041.3155) elapsed time: 24.199327 seconds (0d 0h 0m 24s)

---------------  T H R E A D  ---------------

Current thread (0x000001633ac2a260):  WorkerThread "G1 Conc#0" [stack: 0x000000127f300000,0x000000127f400000] [id=10636]

Stack: [0x000000127f300000,0x000000127f400000],  sp=0x000000127f3ff9c8,  free space=1022k
Native frames: (J=compiled Java code, j=interpreted, Vv=VM code, C=native code)
V  [jvm.dll+0x1c4d46]


siginfo: EXCEPTION_ACCESS_VIOLATION (0xc0000005), reading address 0x000000086a4c2930


Register to memory mapping:

RIP=0x00007ffc82df4d46 jvm.dll
RAX=0x0400002000000000 is an unknown value
RBX=0x000001633ac21501 points into unknown readable memory: 00 00 00 00 00 00 00
RCX=0x00000000c4179228 is pointing into object: [B 
{0x00000000c4179220} - klass: {type array byte}
 - length: 22
RDX=0x00000000c4179228 is pointing into object: [B 
{0x00000000c4179220} - klass: {type array byte}
 - length: 22
RSP=0x000000127f3ff9c8 points into unknown readable memory: 0x00007ffc82f267b8 | b8 67 f2 82 fc 7f 00 00
RBP=0x0 is NULL
RSI=0x000001633ac21560 points into unknown readable memory: 0x000001633ac29960 | 60 99 c2 3a 63 01 00 00
RDI=0x00000000c4179228 is pointing into object: [B 
{0x00000000c4179220} - klass: {type array byte}
 - length: 22
R8 =0x000000086a4c2928 is an unknown value
R9 =0x000001633ac404f0 points into unknown readable memory: 0x00000000c4100000 | 00 00 10 c4 00 00 00 00
R10=0x0000000000000017 is an unknown value
R11=0x0000000000000002 is an unknown value
R12=0x0 is NULL
R13=0xaaaaaaaaaaaaaaab is an unknown value
R14=0x0000000800042810 is pointing into metadata
R15=0x00000000c41791a0 is an oop: java.lang.reflect.Method 
{0x00000000c41791a0} - klass: 'java/lang/reflect/Method'
 - ---- fields (total size 11 words):
 - 'override' 'Z' @12  false
 - volatile 'accessCheckCache' 'Ljava/lang/Object;' @16  NULL (0)
 - private volatile transient 'hasRealParameterData' 'Z' @13  false
 - private volatile transient 'parameters' '[Ljava/lang/reflect/Parameter;' @20  NULL (0)
 - private volatile transient 'declaredAnnotations' 'Ljava/util/Map;' @24  a 'java/util/Collections$EmptyMap'{0x00000000c2f6b288} (c2f6b288)
 - private final 'slot' 'I' @28  17 (11)
 - private final 'modifiers' 'I' @32  1
 - private final 'clazz' 'Ljava/lang/Class;' @36  a 'java/lang/Class'{0x00000000c2f1b0d8} = 'java/lang/invoke/MethodHandles$Lookup' (c2f1b0d8)
 - private final 'name' 'Ljava/lang/String;' @40  "lookupClass"{0x00000000c3106290} (c3106290)
 - private final 'returnType' 'Ljava/lang/Class;' @44  a 'java/lang/Class'{0x00000000c2f031b0} = 'java/lang/Class' (c2f031b0)
 - private final 'parameterTypes' '[Ljava/lang/Class;' @48  a 'java/lang/Class'[0] {0x00000000c41791f8} (c41791f8)
 - private final 'exceptionTypes' '[Ljava/lang/Class;' @52  a 'java/lang/Class'[0] {0x00000000c2f01510} (c2f01510)
 - private final transient 'signature' 'Ljava/lang/String;' @56  
[error occurred during error reporting (printing register info), id 0xc0000005, EXCEPTION_ACCESS_VIOLATION (0xc0000005) at pc=0x00007ffc832b5180]

Registers:
RAX=0x0400002000000000, RBX=0x000001633ac21501, RCX=0x00000000c4179228, RDX=0x00000000c4179228
RSP=0x000000127f3ff9c8, RBP=0x0000000000000000, RSI=0x000001633ac21560, RDI=0x00000000c4179228
R8 =0x000000086a4c2928, R9 =0x000001633ac404f0, R10=0x0000000000000017, R11=0x0000000000000002
R12=0x0000000000000000, R13=0xaaaaaaaaaaaaaaab, R14=0x0000000800042810, R15=0x00000000c41791a0
RIP=0x00007ffc82df4d46, EFLAGS=0x0000000000010206

Top of Stack: (sp=0x000000127f3ff9c8)
0x000000127f3ff9c8:   00007ffc82f267b8 000001633ac54c80
0x000000127f3ff9d8:   00007ffc82f26721 00009d119d5e9610
0x000000127f3ff9e8:   000000127f3ffba0 00000000c4179228
0x000000127f3ff9f8:   00007ffc82f2643f 000001633ac2b580
0x000000127f3ffa08:   000000127f3ffba0 0000000800042808
0x000000127f3ffa18:   000000127f3ffba0 00000000c41791f8
0x000000127f3ffa28:   00007ffc82f2463d 00000000c41791d8
0x000000127f3ffa38:   00007ffc82f24c1d 00000000c4179024
0x000000127f3ffa48:   000000080003e2a8 000000127f3ffb60
0x000000127f3ffa58:   0000000000000001 00000000c41791a0
0x000000127f3ffa68:   00007ffc82f24282 00000008000423d0
0x000000127f3ffa78:   000000000000000b 000000127f3ffba0
0x000000127f3ffa88:   00000000c4177630 000001633ac2b580
0x000000127f3ffa98:   00007ffc82f37420 00000000c41791a0
0x000000127f3ffaa8:   000001633ac215b0 000000127f3ffb60
0x000000127f3ffab8:   000001633ac215b0 00000000c41791a0 

Instructions: (pc=0x00007ffc82df4d46)
0x00007ffc82df4c46:   86 d8 02 00 00 48 8b 5c 24 40 48 8b 74 24 48 48
0x00007ffc82df4c56:   83 c4 30 5f c3 48 8b 07 48 8d 54 24 20 48 8b cf
0x00007ffc82df4c66:   66 0f 7f 44 24 20 ff 50 38 48 8b 5c 24 40 48 8b
0x00007ffc82df4c76:   74 24 48 48 83 c4 30 5f c3 cc 48 89 5c 24 08 57
0x00007ffc82df4c86:   48 83 ec 30 48 8b 02 48 8b f9 48 8b ca 48 8b da
0x00007ffc82df4c96:   ff 50 38 84 c0 74 48 0f 10 83 d8 02 00 00 66 0f
0x00007ffc82df4ca6:   73 d8 08 66 48 0f 7e c0 48 85 c0 74 32 0f 10 83
0x00007ffc82df4cb6:   d8 02 00 00 48 8b 07 48 8d 54 24 20 48 8b cf 0f
0x00007ffc82df4cc6:   29 44 24 20 ff 50 40 33 c0 48 89 44 24 20 48 89
0x00007ffc82df4cd6:   44 24 28 0f 10 44 24 20 0f 11 83 d8 02 00 00 48
0x00007ffc82df4ce6:   8b 5c 24 40 48 83 c4 30 5f c3 48 8b 49 40 48 8b
0x00007ffc82df4cf6:   01 48 ff 60 28 cc cc cc cc cc 80 3d f2 dd 96 00
0x00007ffc82df4d06:   00 48 8b c1 74 1b 8b 51 08 8b 0d 8b 9c 8f 00 48
0x00007ffc82df4d16:   d3 e2 48 8b c8 48 03 15 76 9c 8f 00 e9 19 00 00
0x00007ffc82df4d26:   00 48 8b 51 08 48 8b c8 e9 0d 00 00 00 cc cc cc
0x00007ffc82df4d36:   cc cc cc cc cc cc cc cc cc cc 4c 8b c2 48 8b d1
0x00007ffc82df4d46:   45 8b 48 08 45 85 c9 7e 0e 41 f6 c1 01 75 56 41
0x00007ffc82df4d56:   c1 f9 03 49 63 c1 c3 79 4c 80 3d 93 dd 96 00 00
0x00007ffc82df4d66:   b8 0c 00 00 00 b9 10 00 00 00 0f 45 c8 8b 05 2b
0x00007ffc82df4d76:   c2 8f 00 ff c8 4c 63 c0 41 8b c1 48 c1 f8 10 48
0x00007ffc82df4d86:   63 14 11 41 8b c9 83 e1 3f 0f b6 c0 48 d3 e2 49
0x00007ffc82df4d96:   8d 0c 10 49 f7 d0 48 03 c1 49 c1 e8 03 48 c1 e8
0x00007ffc82df4da6:   03 49 23 c0 c3 49 8b 00 49 8b c8 48 ff a0 00 01
0x00007ffc82df4db6:   00 00 cc cc cc cc cc cc cc cc 48 8b c2 c3 cc cc
0x00007ffc82df4dc6:   cc cc cc cc cc cc cc cc cc cc 48 83 ec 38 0f 10
0x00007ffc82df4dd6:   02 48 8b 49 40 48 8d 54 24 20 0f 29 44 24 20 e8
0x00007ffc82df4de6:   06 f2 ff ff 48 83 c4 38 c3 cc 48 83 ec 38 0f 10
0x00007ffc82df4df6:   02 48 8b 01 48 8d 54 24 20 0f 29 44 24 20 ff 50
0x00007ffc82df4e06:   38 48 83 c4 38 c3 cc cc cc cc 8b 05 82 f1 95 00
0x00007ffc82df4e16:   c3 cc cc cc cc cc cc cc cc cc 48 89 5c 24 08 55
0x00007ffc82df4e26:   56 57 41 54 41 55 41 56 41 57 48 8d 6c 24 e0 48
0x00007ffc82df4e36:   81 ec 20 01 00 00 48 8b 05 55 32 93 00 48 33 c4 


Stack slot to memory mapping:
stack at sp + 0 slots: 0x00007ffc82f267b8 jvm.dll
stack at sp + 1 slots: 0x000001633ac54c80 points into unknown readable memory: 0x00007ffc835abda0 | a0 bd 5a 83 fc 7f 00 00
stack at sp + 2 slots: 0x00007ffc82f26721 jvm.dll
stack at sp + 3 slots: 0x00009d119d5e9610 is an unknown value
stack at sp + 4 slots: 0x000000127f3ffba0 points into unknown readable memory: 0x00007ffc8354ee80 | 80 ee 54 83 fc 7f 00 00
stack at sp + 5 slots: 0x00000000c4179228 is pointing into object: [B 
{0x00000000c4179220} - klass: {type array byte}
 - length: 22
stack at sp + 6 slots: 0x00007ffc82f2643f jvm.dll
stack at sp + 7 slots: 0x000001633ac2b580 points into unknown readable memory: 0x00007ffc8354ee60 | 60 ee 54 83 fc 7f 00 00


---------------  P R O C E S S  ---------------

Threads class SMR info:
_java_thread_list=0x00000163521de030, length=22, elements={
0x000001633abe05d0, 0x000001633ac79b20, 0x000001633ac7a690, 0x000001633ac8eac0,
0x000001633ac8f630, 0x000001633ac91690, 0x000001633ac92820, 0x000001633ac96eb0,
0x000001633ac99090, 0x000001634bc96160, 0x000001634bc9e850, 0x00000163503b0b30,
0x00000163503b43b0, 0x000001635051df40, 0x000001635090e750, 0x00000163505bc470,
0x0000016351803ec0, 0x00000163512af6c0, 0x00000163519d33a0, 0x00000163519d4bb0,
0x00000163519d3870, 0x00000163519d2060
}

Java Threads: ( => current thread )
  0x000001633abe05d0 JavaThread "main" [_thread_blocked, id=7580, stack(0x000000127f000000,0x000000127f100000)]
  0x000001633ac79b20 JavaThread "Reference Handler" daemon [_thread_blocked, id=8096, stack(0x000000127f700000,0x000000127f800000)]
  0x000001633ac7a690 JavaThread "Finalizer" daemon [_thread_blocked, id=2692, stack(0x000000127f800000,0x000000127f900000)]
  0x000001633ac8eac0 JavaThread "Signal Dispatcher" daemon [_thread_blocked, id=544, stack(0x000000127f900000,0x000000127fa00000)]
  0x000001633ac8f630 JavaThread "Attach Listener" daemon [_thread_blocked, id=5444, stack(0x000000127fa00000,0x000000127fb00000)]
  0x000001633ac91690 JavaThread "Service Thread" daemon [_thread_blocked, id=12640, stack(0x000000127fb00000,0x000000127fc00000)]
  0x000001633ac92820 JavaThread "Monitor Deflation Thread" daemon [_thread_blocked, id=12020, stack(0x000000127fc00000,0x000000127fd00000)]
  0x000001633ac96eb0 JavaThread "C1 CompilerThread0" daemon [_thread_blocked, id=7572, stack(0x000000127fd00000,0x000000127fe00000)]
  0x000001633ac99090 JavaThread "Sweeper thread" daemon [_thread_blocked, id=9764, stack(0x000000127fe00000,0x000000127ff00000)]
  0x000001634bc96160 JavaThread "Common-Cleaner" daemon [_thread_blocked, id=4304, stack(0x000000127ff00000,0x0000001280000000)]
  0x000001634bc9e850 JavaThread "C1 CompilerThread1" daemon [_thread_blocked, id=11976, stack(0x0000001200000000,0x0000001200100000)]
  0x00000163503b0b30 JavaThread "Monitor Ctrl-Break" daemon [_thread_in_native, id=6820, stack(0x0000001200100000,0x0000001200200000)]
  0x00000163503b43b0 JavaThread "Notification Thread" daemon [_thread_blocked, id=8348, stack(0x0000001200200000,0x0000001200300000)]
  0x000001635051df40 JavaThread "RMI TCP Accept-0" daemon [_thread_in_native, id=5764, stack(0x0000001200300000,0x0000001200400000)]
  0x000001635090e750 JavaThread "Thread-0" [_thread_blocked, id=12504, stack(0x0000001200900000,0x0000001200a00000)]
  0x00000163505bc470 JavaThread "restartedMain" [_thread_in_native, id=13108, stack(0x0000001200a00000,0x0000001200b00000)]
  0x0000016351803ec0 JavaThread "mysql-cj-abandoned-connection-cleanup" daemon [_thread_blocked, id=1460, stack(0x0000001200c00000,0x0000001200d00000)]
  0x00000163512af6c0 JavaThread "HikariPool-1 housekeeper" daemon [_thread_blocked, id=12064, stack(0x0000001200d00000,0x0000001200e00000)]
  0x00000163519d33a0 JavaThread "HikariPool-1 connection adder" daemon [_thread_blocked, id=12172, stack(0x0000001200e00000,0x0000001200f00000)]
  0x00000163519d4bb0 JavaThread "Catalina-utility-1" [_thread_blocked, id=4536, stack(0x0000001200f00000,0x0000001201000000)]
  0x00000163519d3870 JavaThread "Catalina-utility-2" [_thread_blocked, id=9052, stack(0x0000001201000000,0x0000001201100000)]
  0x00000163519d2060 JavaThread "container-0" [_thread_blocked, id=12820, stack(0x0000001201100000,0x0000001201200000)]

Other Threads:
  0x000001633ac74460 VMThread "VM Thread" [stack: 0x000000127f600000,0x000000127f700000] [id=9616]
  0x000001635054eec0 WatcherThread "VM Periodic Task Thread" [stack: 0x0000001200400000,0x0000001200500000] [id=3708]
  0x000001633ac21060 WorkerThread "GC Thread#0" [stack: 0x000000127f100000,0x000000127f200000] [id=9176]
  0x00000163505b19e0 WorkerThread "GC Thread#1" [stack: 0x0000001200500000,0x0000001200600000] [id=10076]
  0x00000163505db760 WorkerThread "GC Thread#2" [stack: 0x0000001200600000,0x0000001200700000] [id=10980]
  0x00000163505dba00 WorkerThread "GC Thread#3" [stack: 0x0000001200700000,0x0000001200800000] [id=3256]
  0x000001633ac29960 ConcurrentGCThread "G1 Main Marker" [stack: 0x000000127f200000,0x000000127f300000] [id=2864]
=>0x000001633ac2a260 WorkerThread "G1 Conc#0" [stack: 0x000000127f300000,0x000000127f400000] [id=10636]
  0x000001633ac531d0 ConcurrentGCThread "G1 Refine#0" [stack: 0x000000127f400000,0x000000127f500000] [id=10740]
  0x00000163505bdca0 ConcurrentGCThread "G1 Refine#1" [stack: 0x0000001200800000,0x0000001200900000] [id=10188]
  0x000001633ac539f0 ConcurrentGCThread "G1 Service" [stack: 0x000000127f500000,0x000000127f600000] [id=9756]

Threads with active compile tasks:

VM state: not at safepoint (normal execution)

VM Mutex/Monitor currently owned by a thread: None

Heap address: 0x00000000c2a00000, size: 982 MB, Compressed Oops mode: 32-bit

CDS archive(s) mapped at: [0x0000000800000000-0x0000000800ba0000-0x0000000800ba0000), size 12189696, SharedBaseAddress: 0x0000000800000000, ArchiveRelocationMode: 0.
Compressed class space mapped at: 0x0000000800c00000-0x0000000840c00000, reserved size: 1073741824
Narrow klass base: 0x0000000800000000, Narrow klass shift: 0, Narrow klass range: 0x100000000

GC Precious Log:
 CardTable entry size: 512
 Card Set container configuration: InlinePtr #cards 5 size 8 Array Of Cards #cards 12 size 40 Howl #buckets 4 coarsen threshold 1843 Howl Bitmap #cards 512 size 80 coarsen threshold 460 Card regions per heap region 1 cards per card region 2048
 CPUs: 4 total, 4 available
 Memory: 3927M
 Large Page Support: Disabled
 NUMA Support: Disabled
 Compressed Oops: Enabled (32-bit)
 Heap Region Size: 1M
 Heap Min Capacity: 8M
 Heap Initial Capacity: 62M
 Heap Max Capacity: 982M
 Pre-touch: Disabled
 Parallel Workers: 4
 Concurrent Workers: 1
 Concurrent Refinement Workers: 4
 Periodic GC: Disabled

Heap:
 garbage-first heap   total 55296K, used 31167K [0x00000000c2a00000, 0x0000000100000000)
  region size 1024K, 7 young (7168K), 2 survivors (2048K)
 Metaspace       used 57874K, committed 58496K, reserved 1114112K
  class space    used 8024K, committed 8320K, reserved 1048576K

Heap Regions: E=young(eden), S=young(survivor), O=old, HS=humongous(starts), HC=humongous(continues), CS=collection set, F=free, OA=open archive, CA=closed archive, TAMS=top-at-mark-start (previous, next)
|   0|0x00000000c2a00000, 0x00000000c2b00000, 0x00000000c2b00000|100%|HS|  |TAMS 0x00000000c2b00000, 0x00000000c2b00000| Complete 
|   1|0x00000000c2b00000, 0x00000000c2c00000, 0x00000000c2c00000|100%| O|  |TAMS 0x00000000c2c00000, 0x00000000c2c00000| Untracked 
|   2|0x00000000c2c00000, 0x00000000c2d00000, 0x00000000c2d00000|100%| O|  |TAMS 0x00000000c2d00000, 0x00000000c2d00000| Untracked 
|   3|0x00000000c2d00000, 0x00000000c2e00000, 0x00000000c2e00000|100%| O|  |TAMS 0x00000000c2e00000, 0x00000000c2e00000| Untracked 
|   4|0x00000000c2e00000, 0x00000000c2f00000, 0x00000000c2f00000|100%| O|  |TAMS 0x00000000c2f00000, 0x00000000c2f00000| Untracked 
|   5|0x00000000c2f00000, 0x00000000c3000000, 0x00000000c3000000|100%| O|  |TAMS 0x00000000c3000000, 0x00000000c3000000| Untracked 
|   6|0x00000000c3000000, 0x00000000c3100000, 0x00000000c3100000|100%| O|  |TAMS 0x00000000c3100000, 0x00000000c3100000| Untracked 
|   7|0x00000000c3100000, 0x00000000c3200000, 0x00000000c3200000|100%| O|  |TAMS 0x00000000c3200000, 0x00000000c3200000| Untracked 
|   8|0x00000000c3200000, 0x00000000c3300000, 0x00000000c3300000|100%| O|  |TAMS 0x00000000c3300000, 0x00000000c3300000| Untracked 
|   9|0x00000000c3300000, 0x00000000c3400000, 0x00000000c3400000|100%| O|  |TAMS 0x00000000c3400000, 0x00000000c3400000| Untracked 
|  10|0x00000000c3400000, 0x00000000c3500000, 0x00000000c3500000|100%| O|  |TAMS 0x00000000c3500000, 0x00000000c3500000| Untracked 
|  11|0x00000000c3500000, 0x00000000c3600000, 0x00000000c3600000|100%| O|  |TAMS 0x00000000c3600000, 0x00000000c3600000| Untracked 
|  12|0x00000000c3600000, 0x00000000c3700000, 0x00000000c3700000|100%| O|  |TAMS 0x00000000c3700000, 0x00000000c3700000| Untracked 
|  13|0x00000000c3700000, 0x00000000c3746a00, 0x00000000c3800000| 27%| O|  |TAMS 0x00000000c3746a00, 0x00000000c3746a00| Untracked 
|  14|0x00000000c3800000, 0x00000000c3900000, 0x00000000c3900000|100%| O|  |TAMS 0x00000000c3900000, 0x00000000c3900000| Untracked 
|  15|0x00000000c3900000, 0x00000000c3a00000, 0x00000000c3a00000|100%| O|  |TAMS 0x00000000c3a00000, 0x00000000c3a00000| Untracked 
|  16|0x00000000c3a00000, 0x00000000c3b00000, 0x00000000c3b00000|100%| O|  |TAMS 0x00000000c3b00000, 0x00000000c3b00000| Untracked 
|  17|0x00000000c3b00000, 0x00000000c3c00000, 0x00000000c3c00000|100%| O|  |TAMS 0x00000000c3c00000, 0x00000000c3c00000| Untracked 
|  18|0x00000000c3c00000, 0x00000000c3d00000, 0x00000000c3d00000|100%| O|  |TAMS 0x00000000c3cf4e00, 0x00000000c3d00000| Untracked 
|  19|0x00000000c3d00000, 0x00000000c3e00000, 0x00000000c3e00000|100%| O|  |TAMS 0x00000000c3d00000, 0x00000000c3e00000| Untracked 
|  20|0x00000000c3e00000, 0x00000000c3f00000, 0x00000000c3f00000|100%| O|  |TAMS 0x00000000c3e00000, 0x00000000c3f00000| Untracked 
|  21|0x00000000c3f00000, 0x00000000c4000000, 0x00000000c4000000|100%| O|  |TAMS 0x00000000c3f00000, 0x00000000c4000000| Untracked 
|  22|0x00000000c4000000, 0x00000000c4100000, 0x00000000c4100000|100%| O|  |TAMS 0x00000000c4000000, 0x00000000c4100000| Untracked 
|  23|0x00000000c4100000, 0x00000000c4200000, 0x00000000c4200000|100%| O|  |TAMS 0x00000000c4100000, 0x00000000c4200000| Untracked 
|  24|0x00000000c4200000, 0x00000000c4300000, 0x00000000c4300000|100%| O|  |TAMS 0x00000000c4200000, 0x00000000c4220800| Untracked 
|  25|0x00000000c4300000, 0x00000000c4368c00, 0x00000000c4400000| 40%| O|  |TAMS 0x00000000c4300000, 0x00000000c4300000| Untracked 
|  26|0x00000000c4400000, 0x00000000c4400000, 0x00000000c4500000|  0%| F|  |TAMS 0x00000000c4400000, 0x00000000c4400000| Untracked 
|  27|0x00000000c4500000, 0x00000000c4500000, 0x00000000c4600000|  0%| F|  |TAMS 0x00000000c4500000, 0x00000000c4500000| Untracked 
|  28|0x00000000c4600000, 0x00000000c4600000, 0x00000000c4700000|  0%| F|  |TAMS 0x00000000c4600000, 0x00000000c4600000| Untracked 
|  29|0x00000000c4700000, 0x00000000c4700000, 0x00000000c4800000|  0%| F|  |TAMS 0x00000000c4700000, 0x00000000c4700000| Untracked 
|  30|0x00000000c4800000, 0x00000000c4800000, 0x00000000c4900000|  0%| F|  |TAMS 0x00000000c4800000, 0x00000000c4800000| Untracked 
|  31|0x00000000c4900000, 0x00000000c4900000, 0x00000000c4a00000|  0%| F|  |TAMS 0x00000000c4900000, 0x00000000c4900000| Untracked 
|  32|0x00000000c4a00000, 0x00000000c4a00000, 0x00000000c4b00000|  0%| F|  |TAMS 0x00000000c4a00000, 0x00000000c4a00000| Untracked 
|  33|0x00000000c4b00000, 0x00000000c4b00000, 0x00000000c4c00000|  0%| F|  |TAMS 0x00000000c4b00000, 0x00000000c4b00000| Untracked 
|  34|0x00000000c4c00000, 0x00000000c4cc06b0, 0x00000000c4d00000| 75%| S|CS|TAMS 0x00000000c4c00000, 0x00000000c4c00000| Complete 
|  35|0x00000000c4d00000, 0x00000000c4d00000, 0x00000000c4e00000|  0%| F|  |TAMS 0x00000000c4d00000, 0x00000000c4d00000| Untracked 
|  36|0x00000000c4e00000, 0x00000000c4e00000, 0x00000000c4f00000|  0%| F|  |TAMS 0x00000000c4e00000, 0x00000000c4e00000| Untracked 
|  37|0x00000000c4f00000, 0x00000000c5000000, 0x00000000c5000000|100%| S|CS|TAMS 0x00000000c4f00000, 0x00000000c4f00000| Complete 
|  38|0x00000000c5000000, 0x00000000c5000000, 0x00000000c5100000|  0%| F|  |TAMS 0x00000000c5000000, 0x00000000c5000000| Untracked 
|  39|0x00000000c5100000, 0x00000000c5100000, 0x00000000c5200000|  0%| F|  |TAMS 0x00000000c5100000, 0x00000000c5100000| Untracked 
|  40|0x00000000c5200000, 0x00000000c5200000, 0x00000000c5300000|  0%| F|  |TAMS 0x00000000c5200000, 0x00000000c5200000| Untracked 
|  41|0x00000000c5300000, 0x00000000c5300000, 0x00000000c5400000|  0%| F|  |TAMS 0x00000000c5300000, 0x00000000c5300000| Untracked 
|  42|0x00000000c5400000, 0x00000000c5400000, 0x00000000c5500000|  0%| F|  |TAMS 0x00000000c5400000, 0x00000000c5400000| Untracked 
|  43|0x00000000c5500000, 0x00000000c5500000, 0x00000000c5600000|  0%| F|  |TAMS 0x00000000c5500000, 0x00000000c5500000| Untracked 
|  44|0x00000000c5600000, 0x00000000c5600000, 0x00000000c5700000|  0%| F|  |TAMS 0x00000000c5600000, 0x00000000c5600000| Untracked 
|  45|0x00000000c5700000, 0x00000000c5700000, 0x00000000c5800000|  0%| F|  |TAMS 0x00000000c5700000, 0x00000000c5700000| Untracked 
|  46|0x00000000c5800000, 0x00000000c5800000, 0x00000000c5900000|  0%| F|  |TAMS 0x00000000c5800000, 0x00000000c5800000| Untracked 
|  47|0x00000000c5900000, 0x00000000c5900000, 0x00000000c5a00000|  0%| F|  |TAMS 0x00000000c5900000, 0x00000000c5900000| Untracked 
|  48|0x00000000c5a00000, 0x00000000c5a00000, 0x00000000c5b00000|  0%| F|  |TAMS 0x00000000c5a00000, 0x00000000c5a00000| Untracked 
|  49|0x00000000c5b00000, 0x00000000c5baa5f0, 0x00000000c5c00000| 66%| E|  |TAMS 0x00000000c5b00000, 0x00000000c5b00000| Complete 
|  50|0x00000000c5c00000, 0x00000000c5d00000, 0x00000000c5d00000|100%| E|CS|TAMS 0x00000000c5c00000, 0x00000000c5c00000| Complete 
|  51|0x00000000c5d00000, 0x00000000c5e00000, 0x00000000c5e00000|100%| E|CS|TAMS 0x00000000c5d00000, 0x00000000c5d00000| Complete 
|  56|0x00000000c6200000, 0x00000000c6300000, 0x00000000c6300000|100%| E|CS|TAMS 0x00000000c6200000, 0x00000000c6200000| Complete 
|  61|0x00000000c6700000, 0x00000000c6800000, 0x00000000c6800000|100%| E|CS|TAMS 0x00000000c6700000, 0x00000000c6700000| Complete 

Card table byte_map: [0x0000016347390000,0x0000016347580000] _byte_map_base: 0x0000016346d7b000

Marking Bits (Prev, Next): (CMBitMap*) 0x000001633ac21570, (CMBitMap*) 0x000001633ac215b0
 Prev Bits: [0x0000016347770000, 0x00000163486c8000)
 Next Bits: [0x00000163486d0000, 0x0000016349628000)

Polling page: 0x000001633aca0000

Metaspace:

Usage:
  Non-class:     48.70 MB used.
      Class:      7.84 MB used.
       Both:     56.53 MB used.

Virtual space:
  Non-class space:       64.00 MB reserved,      49.00 MB ( 77%) committed,  1 nodes.
      Class space:        1.00 GB reserved,       8.12 MB ( <1%) committed,  1 nodes.
             Both:        1.06 GB reserved,      57.12 MB (  5%) committed. 

Chunk freelists:
   Non-Class:  3.02 MB
       Class:  3.91 MB
        Both:  6.93 MB

MaxMetaspaceSize: unlimited
CompressedClassSpaceSize: 1.00 GB
Initial GC threshold: 21.00 MB
Current GC threshold: 59.00 MB
CDS: on
MetaspaceReclaimPolicy: balanced
 - commit_granule_bytes: 65536.
 - commit_granule_words: 8192.
 - virtual_space_node_default_size: 8388608.
 - enlarge_chunks_in_place: 1.
 - new_chunks_are_fully_committed: 0.
 - uncommit_free_chunks: 1.
 - use_allocation_guard: 0.


Internal statistics:

num_allocs_failed_limit: 6.
num_arena_births: 786.
num_arena_deaths: 0.
num_vsnodes_births: 2.
num_vsnodes_deaths: 0.
num_space_committed: 914.
num_space_uncommitted: 0.
num_chunks_returned_to_freelist: 6.
num_chunks_taken_from_freelist: 2693.
num_chunk_merges: 3.
num_chunk_splits: 2002.
num_chunks_enlarged: 1619.
num_inconsistent_stats: 0.

CodeCache: size=49152Kb used=10186Kb max_used=10186Kb free=38965Kb
 bounds [0x0000016343d00000, 0x0000016344700000, 0x0000016346d00000]
 total_blobs=5964 nmethods=5293 adapters=598
 compilation: enabled
              stopped_count=0, restarted_count=0
 full_count=0

Compilation events (20 events):
Event: 24.099 Thread 0x000001633ac96eb0 5278       1       org.springframework.web.servlet.handler.BeanNameUrlHandlerMapping::determineUrlsForHandler (91 bytes)
Event: 24.099 Thread 0x000001634bc9e850 nmethod 5276 0x00000163446ea190 code [0x00000163446ea4e0, 0x00000163446eb3c8]
Event: 24.101 Thread 0x000001633ac96eb0 nmethod 5278 0x00000163446ebe90 code [0x00000163446ec0e0, 0x00000163446ec898]
Event: 24.115 Thread 0x000001633ac96eb0 5279       1       java.util.List::of (64 bytes)
Event: 24.116 Thread 0x000001633ac96eb0 nmethod 5279 0x00000163446ece10 code [0x00000163446ed020, 0x00000163446ed618]
Event: 24.116 Thread 0x000001634bc9e850 5280       1       jdk.xml.internal.XMLSecurityManager$Limit::systemProperty (5 bytes)
Event: 24.116 Thread 0x000001634bc9e850 nmethod 5280 0x00000163446ed810 code [0x00000163446ed9a0, 0x00000163446eda78]
Event: 24.116 Thread 0x000001633ac96eb0 5281       1       com.fasterxml.jackson.databind.type.ClassKey::hashCode (5 bytes)
Event: 24.116 Thread 0x000001634bc9e850 5282       1       com.fasterxml.jackson.databind.module.SimpleModule::_checkNotNull (26 bytes)
Event: 24.116 Thread 0x000001633ac96eb0 nmethod 5281 0x00000163446edb10 code [0x00000163446edca0, 0x00000163446edd78]
Event: 24.117 Thread 0x000001634bc9e850 nmethod 5282 0x00000163446ede10 code [0x00000163446ee020, 0x00000163446ee5d8]
Event: 24.128 Thread 0x000001633ac96eb0 5283       1       org.springframework.aop.aspectj.autoproxy.AspectJAwareAdvisorAutoProxyCreator::shouldSkip (74 bytes)
Event: 24.129 Thread 0x000001633ac96eb0 nmethod 5283 0x00000163446ee890 code [0x00000163446eeaa0, 0x00000163446eedc8]
Event: 24.138 Thread 0x000001633ac96eb0 5284       1       java.lang.ThreadLocal::initialValue (2 bytes)
Event: 24.138 Thread 0x000001634bc9e850 5285       1       org.springframework.beans.TypeConverterDelegate::<init> (15 bytes)
Event: 24.138 Thread 0x000001633ac96eb0 nmethod 5284 0x00000163446eef90 code [0x00000163446ef120, 0x00000163446ef1f8]
Event: 24.139 Thread 0x000001634bc9e850 nmethod 5285 0x00000163446ef290 code [0x00000163446ef420, 0x00000163446ef578]
Event: 24.141 Thread 0x000001634bc9e850 5286   !   1       org.springframework.beans.factory.support.AbstractBeanFactory::doResolveBeanClass (246 bytes)
Event: 24.141 Thread 0x000001633ac96eb0 5287       1       org.springframework.beans.factory.InjectionPoint::getAnnotations (39 bytes)
Event: 24.142 Thread 0x000001633ac96eb0 nmethod 5287 0x00000163446ef610 code [0x00000163446ef800, 0x00000163446efb48]

GC Heap History (20 events):
Event: 14.498 GC heap before
{Heap before GC invocations=7 (full 0):
 garbage-first heap   total 55296K, used 44032K [0x00000000c2a00000, 0x0000000100000000)
  region size 1024K, 30 young (30720K), 1 survivors (1024K)
 Metaspace       used 25751K, committed 26176K, reserved 1114112K
  class space    used 3515K, committed 3712K, reserved 1048576K
}
Event: 14.508 GC heap after
{Heap after GC invocations=8 (full 0):
 garbage-first heap   total 55296K, used 16986K [0x00000000c2a00000, 0x0000000100000000)
  region size 1024K, 4 young (4096K), 4 survivors (4096K)
 Metaspace       used 25751K, committed 26176K, reserved 1114112K
  class space    used 3515K, committed 3712K, reserved 1048576K
}
Event: 15.716 GC heap before
{Heap before GC invocations=8 (full 0):
 garbage-first heap   total 55296K, used 38490K [0x00000000c2a00000, 0x0000000100000000)
  region size 1024K, 25 young (25600K), 4 survivors (4096K)
 Metaspace       used 28721K, committed 29184K, reserved 1114112K
  class space    used 3897K, committed 4096K, reserved 1048576K
}
Event: 15.726 GC heap after
{Heap after GC invocations=9 (full 0):
 garbage-first heap   total 55296K, used 18667K [0x00000000c2a00000, 0x0000000100000000)
  region size 1024K, 2 young (2048K), 2 survivors (2048K)
 Metaspace       used 28721K, committed 29184K, reserved 1114112K
  class space    used 3897K, committed 4096K, reserved 1048576K
}
Event: 17.740 GC heap before
{Heap before GC invocations=9 (full 0):
 garbage-first heap   total 55296K, used 39147K [0x00000000c2a00000, 0x0000000100000000)
  region size 1024K, 22 young (22528K), 2 survivors (2048K)
 Metaspace       used 34177K, committed 34688K, reserved 1114112K
  class space    used 4695K, committed 4928K, reserved 1048576K
}
Event: 17.746 GC heap after
{Heap after GC invocations=10 (full 0):
 garbage-first heap   total 55296K, used 20251K [0x00000000c2a00000, 0x0000000100000000)
  region size 1024K, 2 young (2048K), 2 survivors (2048K)
 Metaspace       used 34177K, committed 34688K, reserved 1114112K
  class space    used 4695K, committed 4928K, reserved 1048576K
}
Event: 17.985 GC heap before
{Heap before GC invocations=10 (full 0):
 garbage-first heap   total 55296K, used 23323K [0x00000000c2a00000, 0x0000000100000000)
  region size 1024K, 6 young (6144K), 2 survivors (2048K)
 Metaspace       used 35500K, committed 35968K, reserved 1114112K
  class space    used 4843K, committed 5056K, reserved 1048576K
}
Event: 17.990 GC heap after
{Heap after GC invocations=11 (full 0):
 garbage-first heap   total 55296K, used 20691K [0x00000000c2a00000, 0x0000000100000000)
  region size 1024K, 2 young (2048K), 2 survivors (2048K)
 Metaspace       used 35500K, committed 35968K, reserved 1114112K
  class space    used 4843K, committed 5056K, reserved 1048576K
}
Event: 19.367 GC heap before
{Heap before GC invocations=12 (full 0):
 garbage-first heap   total 55296K, used 42195K [0x00000000c2a00000, 0x0000000100000000)
  region size 1024K, 23 young (23552K), 2 survivors (2048K)
 Metaspace       used 41701K, committed 42176K, reserved 1114112K
  class space    used 5627K, committed 5824K, reserved 1048576K
}
Event: 19.373 GC heap after
{Heap after GC invocations=13 (full 0):
 garbage-first heap   total 55296K, used 22033K [0x00000000c2a00000, 0x0000000100000000)
  region size 1024K, 2 young (2048K), 2 survivors (2048K)
 Metaspace       used 41701K, committed 42176K, reserved 1114112K
  class space    used 5627K, committed 5824K, reserved 1048576K
}
Event: 20.540 GC heap before
{Heap before GC invocations=13 (full 0):
 garbage-first heap   total 55296K, used 41489K [0x00000000c2a00000, 0x0000000100000000)
  region size 1024K, 21 young (21504K), 2 survivors (2048K)
 Metaspace       used 46681K, committed 47232K, reserved 1114112K
  class space    used 6385K, committed 6592K, reserved 1048576K
}
Event: 20.546 GC heap after
{Heap after GC invocations=14 (full 0):
 garbage-first heap   total 55296K, used 23225K [0x00000000c2a00000, 0x0000000100000000)
  region size 1024K, 3 young (3072K), 3 survivors (3072K)
 Metaspace       used 46681K, committed 47232K, reserved 1114112K
  class space    used 6385K, committed 6592K, reserved 1048576K
}
Event: 21.774 GC heap before
{Heap before GC invocations=14 (full 0):
 garbage-first heap   total 55296K, used 41657K [0x00000000c2a00000, 0x0000000100000000)
  region size 1024K, 22 young (22528K), 3 survivors (3072K)
 Metaspace       used 51521K, committed 52032K, reserved 1114112K
  class space    used 7155K, committed 7360K, reserved 1048576K
}
Event: 21.780 GC heap after
{Heap after GC invocations=15 (full 0):
 garbage-first heap   total 55296K, used 24032K [0x00000000c2a00000, 0x0000000100000000)
  region size 1024K, 2 young (2048K), 2 survivors (2048K)
 Metaspace       used 51521K, committed 52032K, reserved 1114112K
  class space    used 7155K, committed 7360K, reserved 1048576K
}
Event: 22.895 GC heap before
{Heap before GC invocations=15 (full 0):
 garbage-first heap   total 55296K, used 43488K [0x00000000c2a00000, 0x0000000100000000)
  region size 1024K, 21 young (21504K), 2 survivors (2048K)
 Metaspace       used 54857K, committed 55488K, reserved 1114112K
  class space    used 7610K, committed 7936K, reserved 1048576K
}
Event: 22.903 GC heap after
{Heap after GC invocations=16 (full 0):
 garbage-first heap   total 55296K, used 25374K [0x00000000c2a00000, 0x0000000100000000)
  region size 1024K, 3 young (3072K), 3 survivors (3072K)
 Metaspace       used 54857K, committed 55488K, reserved 1114112K
  class space    used 7610K, committed 7936K, reserved 1048576K
}
Event: 23.642 GC heap before
{Heap before GC invocations=16 (full 0):
 garbage-first heap   total 55296K, used 42782K [0x00000000c2a00000, 0x0000000100000000)
  region size 1024K, 20 young (20480K), 3 survivors (3072K)
 Metaspace       used 56914K, committed 57536K, reserved 1114112K
  class space    used 7901K, committed 8192K, reserved 1048576K
}
Event: 23.649 GC heap after
{Heap after GC invocations=17 (full 0):
 garbage-first heap   total 55296K, used 26498K [0x00000000c2a00000, 0x0000000100000000)
  region size 1024K, 3 young (3072K), 3 survivors (3072K)
 Metaspace       used 56914K, committed 57536K, reserved 1114112K
  class space    used 7901K, committed 8192K, reserved 1048576K
}
Event: 24.049 GC heap before
{Heap before GC invocations=17 (full 0):
 garbage-first heap   total 55296K, used 42882K [0x00000000c2a00000, 0x0000000100000000)
  region size 1024K, 19 young (19456K), 3 survivors (3072K)
 Metaspace       used 57558K, committed 58176K, reserved 1114112K
  class space    used 7978K, committed 8256K, reserved 1048576K
}
Event: 24.059 GC heap after
{Heap after GC invocations=18 (full 0):
 garbage-first heap   total 55296K, used 27071K [0x00000000c2a00000, 0x0000000100000000)
  region size 1024K, 2 young (2048K), 2 survivors (2048K)
 Metaspace       used 57558K, committed 58176K, reserved 1114112K
  class space    used 7978K, committed 8256K, reserved 1048576K
}

Deoptimization events (18 events):
Event: 4.723 Thread 0x000001633abe05d0 DEOPT PACKING pc=0x0000016343f4f1f5 sp=0x000000127f0fdb00
Event: 4.723 Thread 0x000001633abe05d0 DEOPT UNPACKING pc=0x0000016343d52b24 sp=0x000000127f0fcf58 mode 3
Event: 9.143 Thread 0x00000163505bc470 DEOPT PACKING pc=0x000001634416a699 sp=0x0000001200afd0b0
Event: 9.143 Thread 0x00000163505bc470 DEOPT UNPACKING pc=0x0000016343d52b24 sp=0x0000001200afc590 mode 3
Event: 10.007 Thread 0x00000163505bc470 DEOPT PACKING pc=0x00000163441d175d sp=0x0000001200afe360
Event: 10.007 Thread 0x00000163505bc470 DEOPT UNPACKING pc=0x0000016343d52b24 sp=0x0000001200afd8d0 mode 3
Event: 13.106 Thread 0x00000163505bc470 DEOPT PACKING pc=0x000001634442c375 sp=0x0000001200afc5f0
Event: 13.106 Thread 0x00000163505bc470 DEOPT UNPACKING pc=0x0000016343d52b24 sp=0x0000001200afba60 mode 3
Event: 17.624 Thread 0x00000163505bc470 DEOPT PACKING pc=0x00000163444f291d sp=0x0000001200af5fc0
Event: 17.624 Thread 0x00000163505bc470 DEOPT UNPACKING pc=0x0000016343d52b24 sp=0x0000001200af5528 mode 3
Event: 18.798 Thread 0x00000163505bc470 DEOPT PACKING pc=0x00000163441c6781 sp=0x0000001200af9400
Event: 18.798 Thread 0x00000163505bc470 DEOPT UNPACKING pc=0x0000016343d52b24 sp=0x0000001200af8890 mode 3
Event: 18.798 Thread 0x00000163512af6c0 DEOPT PACKING pc=0x00000163440f1c17 sp=0x0000001200dfefd0
Event: 18.798 Thread 0x00000163512af6c0 DEOPT UNPACKING pc=0x0000016343d52b24 sp=0x0000001200dfe428 mode 3
Event: 22.726 Thread 0x00000163505bc470 DEOPT PACKING pc=0x00000163441a8124 sp=0x0000001200afa8d0
Event: 22.726 Thread 0x00000163505bc470 DEOPT UNPACKING pc=0x0000016343d52b24 sp=0x0000001200af9e28 mode 0
Event: 23.254 Thread 0x00000163505bc470 DEOPT PACKING pc=0x0000016344446919 sp=0x0000001200afb1a0
Event: 23.255 Thread 0x00000163505bc470 DEOPT UNPACKING pc=0x0000016343d52b24 sp=0x0000001200afa680 mode 3

Classes loaded (20 events):
Event: 23.333 Loading class java/util/stream/SortedOps$SizedRefSortingSink
Event: 23.334 Loading class java/util/stream/SortedOps$SizedRefSortingSink done
Event: 23.362 Loading class javax/net/ssl/SSLException
Event: 23.363 Loading class javax/net/ssl/SSLException done
Event: 23.398 Loading class java/nio/channels/CompletionHandler
Event: 23.398 Loading class java/nio/channels/CompletionHandler done
Event: 23.567 Loading class java/util/Base64
Event: 23.568 Loading class java/util/Base64 done
Event: 23.568 Loading class java/util/Base64$Encoder
Event: 23.569 Loading class java/util/Base64$Encoder done
Event: 23.575 Loading class java/nio/StringCharBuffer
Event: 23.576 Loading class java/nio/StringCharBuffer done
Event: 23.578 Loading class javax/crypto/SecretKeyFactory
Event: 23.579 Loading class javax/crypto/SecretKeyFactory done
Event: 23.579 Loading class com/sun/crypto/provider/PBKDF2Core$HmacSHA256
Event: 23.579 Loading class com/sun/crypto/provider/PBKDF2Core
Event: 23.580 Loading class javax/crypto/SecretKeyFactorySpi
Event: 23.580 Loading class javax/crypto/SecretKeyFactorySpi done
Event: 23.580 Loading class com/sun/crypto/provider/PBKDF2Core done
Event: 23.580 Loading class com/sun/crypto/provider/PBKDF2Core$HmacSHA256 done

Classes unloaded (0 events):
No events

Classes redefined (0 events):
No events

Internal exceptions (20 events):
Event: 20.402 Thread 0x00000163505bc470 Exception <a 'java/lang/NoSuchMethodError'{0x00000000c4e3bb58}: 'java.lang.Object java.lang.invoke.DirectMethodHandle$Holder.invokeStaticInit(java.lang.Object, java.lang.Object, int, java.lang.Object)'> (0x00000000c4e3bb58) 
thrown [s\open\src\hotspot\share\interpreter\linkResolver.cpp, line 766]
Event: 20.502 Thread 0x00000163505bc470 Exception <a 'java/lang/IncompatibleClassChangeError'{0x00000000c4d646e0}: Found class java.lang.Object, but interface was expected> (0x00000000c4d646e0) 
thrown [s\open\src\hotspot\share\interpreter\linkResolver.cpp, line 833]
Event: 21.546 Thread 0x00000163505bc470 Exception <a 'java/lang/NoSuchMethodError'{0x00000000c51e78a0}: 'int java.lang.invoke.DirectMethodHandle$Holder.invokeStatic(java.lang.Object, java.lang.Object, java.lang.Object, java.lang.Object, java.lang.Object)'> (0x00000000c51e78a0) 
thrown [s\open\src\hotspot\share\interpreter\linkResolver.cpp, line 766]
Event: 21.548 Thread 0x00000163505bc470 Exception <a 'java/lang/NoSuchMethodError'{0x00000000c51fba10}: 'java.lang.Object java.lang.invoke.DirectMethodHandle$Holder.newInvokeSpecial(java.lang.Object, java.lang.Object, java.lang.Object, java.lang.Object, java.lang.Object, java.lang.Object, java.lang.Object)'> (0x00000000c51fba10) 
thrown [s\open\src\hotspot\share\interpreter\linkResolver.cpp, line 766]
Event: 21.633 Thread 0x00000163505bc470 Exception <a 'java/lang/NoSuchMethodError'{0x00000000c4f52458}: 'void java.lang.invoke.DirectMethodHandle$Holder.invokeSpecial(java.lang.Object, java.lang.Object, java.lang.Object, java.lang.Object, java.lang.Object, java.lang.Object, java.lang.Object, java.lang.Object)'> (0x00000000c4f52458) 
thrown [s\open\src\hotspot\share\interpreter\linkResolver.cpp, line 766]
Event: 21.639 Thread 0x00000163505bc470 Exception <a 'java/lang/NoSuchMethodError'{0x00000000c4f77d80}: 'java.lang.Object java.lang.invoke.DirectMethodHandle$Holder.newInvokeSpecial(java.lang.Object, java.lang.Object, java.lang.Object, java.lang.Object, java.lang.Object, java.lang.Object, java.lang.Object, int)'> (0x00000000c4f77d80) 
thrown [s\open\src\hotspot\share\interpreter\linkResolver.cpp, line 766]
Event: 21.640 Thread 0x00000163505bc470 Exception <a 'java/lang/NoSuchMethodError'{0x00000000c4f7d578}: 'java.lang.Object java.lang.invoke.DirectMethodHandle$Holder.invokeSpecial(java.lang.Object, java.lang.Object, java.lang.Object, java.lang.Object, java.lang.Object, java.lang.Object, java.lang.Object, java.lang.Object, int)'> (0x00000000c4f7d578) 
thrown [s\open\src\hotspot\share\interpreter\linkResolver.cpp, line 766]
Event: 21.722 Thread 0x00000163505bc470 Exception <a 'java/lang/NoSuchMethodError'{0x00000000c4ed8568}: 'void java.lang.invoke.DirectMethodHandle$Holder.invokeInterface(java.lang.Object, java.lang.Object)'> (0x00000000c4ed8568) 
thrown [s\open\src\hotspot\share\interpreter\linkResolver.cpp, line 766]
Event: 21.733 Thread 0x00000163505bc470 Exception <a 'java/lang/NoSuchMethodError'{0x00000000c4d0fd60}: 'java.lang.Object java.lang.invoke.DirectMethodHandle$Holder.newInvokeSpecial(java.lang.Object, java.lang.Object, int, java.lang.Object, int, java.lang.Object, java.lang.Object, java.lang.Object)'> (0x00000000c4d0fd60) 
thrown [s\open\src\hotspot\share\interpreter\linkResolver.cpp, line 766]
Event: 22.175 Thread 0x00000163505bc470 Exception <a 'java/lang/NoSuchMethodError'{0x00000000c5c035c0}: 'java.lang.Object java.lang.invoke.DirectMethodHandle$Holder.invokeSpecial(java.lang.Object, java.lang.Object, int, java.lang.Object, int)'> (0x00000000c5c035c0) 
thrown [s\open\src\hotspot\share\interpreter\linkResolver.cpp, line 766]
Event: 22.359 Thread 0x00000163505bc470 Exception <a 'java/lang/IncompatibleClassChangeError'{0x00000000c5837a20}: Found class java.lang.Object, but interface was expected> (0x00000000c5837a20) 
thrown [s\open\src\hotspot\share\interpreter\linkResolver.cpp, line 833]
Event: 22.466 Thread 0x00000163505bc470 Exception <a 'java/lang/IncompatibleClassChangeError'{0x00000000c57eb8c0}: Found class java.lang.Object, but interface was expected> (0x00000000c57eb8c0) 
thrown [s\open\src\hotspot\share\interpreter\linkResolver.cpp, line 833]
Event: 22.836 Thread 0x00000163505bc470 Exception <a 'java/lang/IncompatibleClassChangeError'{0x00000000c50c4db8}: Found class java.lang.Object, but interface was expected> (0x00000000c50c4db8) 
thrown [s\open\src\hotspot\share\interpreter\linkResolver.cpp, line 833]
Event: 23.071 Thread 0x00000163505bc470 Exception <a 'java/lang/NoSuchMethodError'{0x00000000c5914b00}: 'java.lang.Object java.lang.invoke.DirectMethodHandle$Holder.newInvokeSpecial(java.lang.Object, java.lang.Object, int)'> (0x00000000c5914b00) 
thrown [s\open\src\hotspot\share\interpreter\linkResolver.cpp, line 766]
Event: 23.082 Thread 0x00000163505bc470 Exception <a 'java/lang/IncompatibleClassChangeError'{0x00000000c593bbe0}: Found class java.lang.Object, but interface was expected> (0x00000000c593bbe0) 
thrown [s\open\src\hotspot\share\interpreter\linkResolver.cpp, line 833]
Event: 23.083 Thread 0x00000163505bc470 Exception <a 'java/lang/IncompatibleClassChangeError'{0x00000000c5942868}: Found class java.lang.Object, but interface was expected> (0x00000000c5942868) 
thrown [s\open\src\hotspot\share\interpreter\linkResolver.cpp, line 833]
Event: 23.299 Thread 0x00000163505bc470 Exception <a 'java/lang/NoSuchMethodError'{0x00000000c553e648}: 'void java.lang.invoke.Invokers$Holder.invokeExact_MT(java.lang.Object, java.lang.Object, int, java.lang.Object)'> (0x00000000c553e648) 
thrown [s\open\src\hotspot\share\interpreter\linkResolver.cpp, line 766]
Event: 23.399 Thread 0x00000163505bc470 Exception <a 'java/lang/NoSuchMethodError'{0x00000000c5308590}: 'long java.lang.invoke.DirectMethodHandle$Holder.invokeVirtual(java.lang.Object, java.lang.Object)'> (0x00000000c5308590) 
thrown [s\open\src\hotspot\share\interpreter\linkResolver.cpp, line 766]
Event: 23.412 Thread 0x00000163505bc470 Exception <a 'java/io/FileNotFoundException'{0x00000000c5336600}> (0x00000000c5336600) 
thrown [s\open\src\hotspot\share\prims\jni.cpp, line 516]
Event: 24.127 Thread 0x00000163505bc470 Exception <a 'java/lang/IncompatibleClassChangeError'{0x00000000c629dfa8}: Found class java.lang.Object, but interface was expected> (0x00000000c629dfa8) 
thrown [s\open\src\hotspot\share\interpreter\linkResolver.cpp, line 833]

VM Operations (20 events):
Event: 22.940 Executing VM operation: HandshakeAllThreads
Event: 22.940 Executing VM operation: HandshakeAllThreads done
Event: 22.941 Executing VM operation: HandshakeAllThreads
Event: 22.941 Executing VM operation: HandshakeAllThreads done
Event: 23.320 Executing VM operation: HandshakeAllThreads
Event: 23.321 Executing VM operation: HandshakeAllThreads done
Event: 23.322 Executing VM operation: HandshakeAllThreads
Event: 23.322 Executing VM operation: HandshakeAllThreads done
Event: 23.420 Executing VM operation: HandshakeAllThreads
Event: 23.420 Executing VM operation: HandshakeAllThreads done
Event: 23.577 Executing VM operation: HandshakeAllThreads
Event: 23.577 Executing VM operation: HandshakeAllThreads done
Event: 23.642 Executing VM operation: G1CollectForAllocation
Event: 23.649 Executing VM operation: G1CollectForAllocation done
Event: 23.947 Executing VM operation: HandshakeAllThreads
Event: 23.947 Executing VM operation: HandshakeAllThreads done
Event: 24.015 Executing VM operation: HandshakeAllThreads
Event: 24.016 Executing VM operation: HandshakeAllThreads done
Event: 24.049 Executing VM operation: G1CollectForAllocation
Event: 24.059 Executing VM operation: G1CollectForAllocation done

Events (20 events):
Event: 1.287 Loaded shared library C:\Program Files\Java\jdk-18.0.1\bin\jimage.dll
Event: 1.428 Loaded shared library C:\Program Files\Java\jdk-18.0.1\bin\management.dll
Event: 1.470 Loaded shared library C:\Program Files\Java\jdk-18.0.1\bin\management_ext.dll
Event: 2.172 Thread 0x000001635051df40 Thread added: 0x000001635051df40
Event: 7.128 Thread 0x000001635090e750 Thread added: 0x000001635090e750
Event: 7.135 Thread 0x00000163505bc470 Thread added: 0x00000163505bc470
Event: 8.738 Thread 0x0000016350863e10 Thread added: 0x0000016350863e10
Event: 8.970 Loaded shared library C:\Program Files\Java\jdk-18.0.1\bin\verify.dll
Event: 9.757 Thread 0x0000016350863e10 Thread exited: 0x0000016350863e10
Event: 10.069 Thread 0x0000016350b4e1a0 Thread added: 0x0000016350b4e1a0
Event: 10.399 Thread 0x0000016350b4e1a0 Thread exited: 0x0000016350b4e1a0
Event: 10.957 Thread 0x0000016351235ed0 Thread added: 0x0000016351235ed0
Event: 14.647 Loaded shared library C:\Program Files\Java\jdk-18.0.1\bin\sunmscapi.dll
Event: 15.239 Thread 0x0000016351803ec0 Thread added: 0x0000016351803ec0
Event: 16.995 Thread 0x0000016351235ed0 Thread exited: 0x0000016351235ed0
Event: 18.790 Thread 0x00000163512af6c0 Thread added: 0x00000163512af6c0
Event: 18.899 Thread 0x00000163519d33a0 Thread added: 0x00000163519d33a0
Event: 23.434 Thread 0x00000163519d4bb0 Thread added: 0x00000163519d4bb0
Event: 23.437 Thread 0x00000163519d3870 Thread added: 0x00000163519d3870
Event: 23.448 Thread 0x00000163519d2060 Thread added: 0x00000163519d2060


Dynamic libraries:
0x00007ff740fb0000 - 0x00007ff740fc0000 	C:\Program Files\Java\jdk-18.0.1\bin\java.exe
0x00007ffcba210000 - 0x00007ffcba408000 	C:\Windows\SYSTEM32\ntdll.dll
0x00007ffcb9000000 - 0x00007ffcb90bf000 	C:\Windows\System32\KERNEL32.DLL
0x00007ffcb7f70000 - 0x00007ffcb8266000 	C:\Windows\System32\KERNELBASE.dll
0x00007ffcb7cc0000 - 0x00007ffcb7dc0000 	C:\Windows\System32\ucrtbase.dll
0x00007ffc95530000 - 0x00007ffc95548000 	C:\Program Files\Java\jdk-18.0.1\bin\jli.dll
0x00007ffc93420000 - 0x00007ffc9343a000 	C:\Program Files\Java\jdk-18.0.1\bin\VCRUNTIME140.dll
0x00007ffcb9680000 - 0x00007ffcb972f000 	C:\Windows\System32\ADVAPI32.dll
0x00007ffcb8d90000 - 0x00007ffcb8e2e000 	C:\Windows\System32\msvcrt.dll
0x00007ffcba060000 - 0x00007ffcba0fc000 	C:\Windows\System32\sechost.dll
0x00007ffcb91f0000 - 0x00007ffcb9316000 	C:\Windows\System32\RPCRT4.dll
0x00007ffcb83a0000 - 0x00007ffcb853d000 	C:\Windows\System32\USER32.dll
0x00007ffcb7dc0000 - 0x00007ffcb7de2000 	C:\Windows\System32\win32u.dll
0x00007ffcba100000 - 0x00007ffcba12c000 	C:\Windows\System32\GDI32.dll
0x00007ffc97010000 - 0x00007ffc972aa000 	C:\Windows\WinSxS\amd64_microsoft.windows.common-controls_6595b64144ccf1df_6.0.19041.1110_none_60b5254171f9507e\COMCTL32.dll
0x00007ffcb7a50000 - 0x00007ffcb7b65000 	C:\Windows\System32\gdi32full.dll
0x00007ffcb7c20000 - 0x00007ffcb7cbd000 	C:\Windows\System32\msvcp_win.dll
0x00007ffcb0e40000 - 0x00007ffcb0e4a000 	C:\Windows\SYSTEM32\VERSION.dll
0x00007ffcba130000 - 0x00007ffcba160000 	C:\Windows\System32\IMM32.DLL
0x00007ffcb4140000 - 0x00007ffcb414c000 	C:\Program Files\Java\jdk-18.0.1\bin\vcruntime140_1.dll
0x00007ffc85db0000 - 0x00007ffc85e3d000 	C:\Program Files\Java\jdk-18.0.1\bin\msvcp140.dll
0x00007ffc82c30000 - 0x00007ffc83840000 	C:\Program Files\Java\jdk-18.0.1\bin\server\jvm.dll
0x00007ffcb8540000 - 0x00007ffcb8548000 	C:\Windows\System32\PSAPI.DLL
0x00007ffcae410000 - 0x00007ffcae437000 	C:\Windows\SYSTEM32\WINMM.dll
0x00007ffcb2520000 - 0x00007ffcb2529000 	C:\Windows\SYSTEM32\WSOCK32.dll
0x00007ffcba160000 - 0x00007ffcba1cb000 	C:\Windows\System32\WS2_32.dll
0x00007ffcb6150000 - 0x00007ffcb6162000 	C:\Windows\SYSTEM32\kernel.appcore.dll
0x00007ffc9bac0000 - 0x00007ffc9baca000 	C:\Program Files\Java\jdk-18.0.1\bin\jimage.dll
0x00007ffcb5690000 - 0x00007ffcb5874000 	C:\Windows\SYSTEM32\DBGHELP.DLL
0x00007ffca4db0000 - 0x00007ffca4de4000 	C:\Windows\SYSTEM32\dbgcore.DLL
0x00007ffcb7e90000 - 0x00007ffcb7f12000 	C:\Windows\System32\bcryptPrimitives.dll
0x00007ffc9baa0000 - 0x00007ffc9baae000 	C:\Program Files\Java\jdk-18.0.1\bin\instrument.dll
0x00007ffc92a30000 - 0x00007ffc92a55000 	C:\Program Files\Java\jdk-18.0.1\bin\java.dll
0x00007ffc85bf0000 - 0x00007ffc85cc6000 	C:\Program Files\Java\jdk-18.0.1\bin\jsvml.dll
0x00007ffcb8630000 - 0x00007ffcb8d74000 	C:\Windows\System32\SHELL32.dll
0x00007ffcb5880000 - 0x00007ffcb6013000 	C:\Windows\SYSTEM32\windows.storage.dll
0x00007ffcb9320000 - 0x00007ffcb9674000 	C:\Windows\System32\combase.dll
0x00007ffcb7330000 - 0x00007ffcb735e000 	C:\Windows\SYSTEM32\Wldp.dll
0x00007ffcb8e30000 - 0x00007ffcb8edd000 	C:\Windows\System32\SHCORE.dll
0x00007ffcb97d0000 - 0x00007ffcb9825000 	C:\Windows\System32\shlwapi.dll
0x00007ffcb7820000 - 0x00007ffcb7845000 	C:\Windows\SYSTEM32\profapi.dll
0x00007ffc8a440000 - 0x00007ffc8a458000 	C:\Program Files\Java\jdk-18.0.1\bin\zip.dll
0x00007ffc90990000 - 0x00007ffc909a3000 	C:\Program Files\Java\jdk-18.0.1\bin\net.dll
0x00007ffcad7e0000 - 0x00007ffcad8ea000 	C:\Windows\SYSTEM32\WINHTTP.dll
0x00007ffcb7090000 - 0x00007ffcb70fa000 	C:\Windows\system32\mswsock.dll
0x00007ffc8a4a0000 - 0x00007ffc8a4b6000 	C:\Program Files\Java\jdk-18.0.1\bin\nio.dll
0x00007ffc89ce0000 - 0x00007ffc89cfa000 	C:\Program Files\JetBrains\IntelliJ IDEA 2022.2\bin\breakgen64.dll
0x00007ffcb6d70000 - 0x00007ffcb6e3a000 	C:\Windows\SYSTEM32\DNSAPI.dll
0x00007ffcb6d30000 - 0x00007ffcb6d6b000 	C:\Windows\SYSTEM32\IPHLPAPI.DLL
0x00007ffcb8d80000 - 0x00007ffcb8d88000 	C:\Windows\System32\NSI.dll
0x0000000063560000 - 0x0000000063569000 	C:\Program Files\National Instruments\Shared\mDNS Responder\nimdnsNSP.dll
0x0000000063550000 - 0x000000006355e000 	C:\Windows\SYSTEM32\nimdnsResponder.dll
0x0000000058bd0000 - 0x0000000058c73000 	C:\Windows\WinSxS\amd64_microsoft.vc90.crt_1fc8b3b9a1e18e3b_9.0.30729.9625_none_08e1c10da83fbc83\MSVCR90.dll
0x00007ffca75d0000 - 0x00007ffca75da000 	C:\Windows\System32\rasadhlp.dll
0x00007ffca80f0000 - 0x00007ffca8172000 	C:\Windows\System32\fwpuclnt.dll
0x00007ffcb7e60000 - 0x00007ffcb7e87000 	C:\Windows\System32\bcrypt.dll
0x00007ffc9aee0000 - 0x00007ffc9aee9000 	C:\Program Files\Java\jdk-18.0.1\bin\management.dll
0x00007ffc9a8f0000 - 0x00007ffc9a8fb000 	C:\Program Files\Java\jdk-18.0.1\bin\management_ext.dll
0x00007ffcb7290000 - 0x00007ffcb72a8000 	C:\Windows\SYSTEM32\CRYPTSP.dll
0x00007ffcb6930000 - 0x00007ffcb6964000 	C:\Windows\system32\rsaenh.dll
0x00007ffcb77e0000 - 0x00007ffcb780e000 	C:\Windows\SYSTEM32\USERENV.dll
0x00007ffcb7280000 - 0x00007ffcb728c000 	C:\Windows\SYSTEM32\CRYPTBASE.dll
0x00007ffcae6a0000 - 0x00007ffcae6b7000 	C:\Windows\SYSTEM32\dhcpcsvc6.DLL
0x00007ffcaf1d0000 - 0x00007ffcaf1ed000 	C:\Windows\SYSTEM32\dhcpcsvc.DLL
0x00007ffc9dd30000 - 0x00007ffc9dd47000 	C:\Windows\system32\napinsp.dll
0x00007ffc9dd10000 - 0x00007ffc9dd2b000 	C:\Windows\system32\pnrpnsp.dll
0x00007ffc9dcf0000 - 0x00007ffc9dd05000 	C:\Windows\system32\wshbth.dll
0x00007ffcb24c0000 - 0x00007ffcb24dd000 	C:\Windows\system32\NLAapi.dll
0x00007ffc9d290000 - 0x00007ffc9d2a2000 	C:\Windows\System32\winrnr.dll
0x00007ffc9b9e0000 - 0x00007ffc9b9f0000 	C:\Program Files\Java\jdk-18.0.1\bin\verify.dll
0x00007ffc9a780000 - 0x00007ffc9a78e000 	C:\Program Files\Java\jdk-18.0.1\bin\sunmscapi.dll
0x00007ffcb78f0000 - 0x00007ffcb7a4e000 	C:\Windows\System32\CRYPT32.dll
0x00007ffcb73a0000 - 0x00007ffcb73c8000 	C:\Windows\SYSTEM32\ncrypt.dll
0x00007ffcb7360000 - 0x00007ffcb739b000 	C:\Windows\SYSTEM32\NTASN1.dll

dbghelp: loaded successfully - version: 4.0.5 - missing functions: none
symbol engine: initialized successfully - sym options: 0x614 - pdb path: .;C:\Program Files\Java\jdk-18.0.1\bin;C:\Windows\SYSTEM32;C:\Windows\WinSxS\amd64_microsoft.windows.common-controls_6595b64144ccf1df_6.0.19041.1110_none_60b5254171f9507e;C:\Program Files\Java\jdk-18.0.1\bin\server;C:\Program Files\JetBrains\IntelliJ IDEA 2022.2\bin;C:\Program Files\National Instruments\Shared\mDNS Responder;C:\Windows\WinSxS\amd64_microsoft.vc90.crt_1fc8b3b9a1e18e3b_9.0.30729.9625_none_08e1c10da83fbc83

VM Arguments:
jvm_args: -XX:TieredStopAtLevel=1 -Dspring.output.ansi.enabled=always -Dcom.sun.management.jmxremote -Dspring.jmx.enabled=true -Dspring.liveBeansView.mbeanDomain -Dspring.application.admin.enabled=true -javaagent:C:\Program Files\JetBrains\IntelliJ IDEA 2022.2\lib\idea_rt.jar=53986:C:\Program Files\JetBrains\IntelliJ IDEA 2022.2\bin -Dfile.encoding=UTF-8 
java_command: dev.webapplication.todolist.ToDoListApplication
java_class_path (initial): C:\Users\ilhao\fullstack-Todo-Application\backend\target\classes;C:\Users\ilhao\.m2\repository\org\springframework\boot\spring-boot-starter-security\3.1.0\spring-boot-starter-security-3.1.0.jar;C:\Users\ilhao\.m2\repository\org\springframework\boot\spring-boot-starter\3.0.6\spring-boot-starter-3.0.6.jar;C:\Users\ilhao\.m2\repository\org\springframework\boot\spring-boot-starter-logging\3.0.6\spring-boot-starter-logging-3.0.6.jar;C:\Users\ilhao\.m2\repository\ch\qos\logback\logback-classic\1.4.7\logback-classic-1.4.7.jar;C:\Users\ilhao\.m2\repository\ch\qos\logback\logback-core\1.4.7\logback-core-1.4.7.jar;C:\Users\ilhao\.m2\repository\org\apache\logging\log4j\log4j-to-slf4j\2.19.0\log4j-to-slf4j-2.19.0.jar;C:\Users\ilhao\.m2\repository\org\apache\logging\log4j\log4j-api\2.19.0\log4j-api-2.19.0.jar;C:\Users\ilhao\.m2\repository\org\slf4j\jul-to-slf4j\2.0.7\jul-to-slf4j-2.0.7.jar;C:\Users\ilhao\.m2\repository\jakarta\annotation\jakarta.annotation-api\2.1.1\jakarta.annotation-api-2.1.1.jar;C:\Users\ilhao\.m2\repository\org\yaml\snakeyaml\1.33\snakeyaml-1.33.jar;C:\Users\ilhao\.m2\repository\org\springframework\spring-aop\6.0.8\spring-aop-6.0.8.jar;C:\Users\ilhao\.m2\repository\org\springframework\spring-beans\6.0.8\spring-beans-6.0.8.jar;C:\Users\ilhao\.m2\repository\org\springframework\security\spring-security-config\6.0.3\spring-security-config-6.0.3.jar;C:\Users\ilhao\.m2\repository\org\springframework\security\spring-security-core\6.0.3\spring-security-core-6.0.3.jar;C:\Users\ilhao\.m2\repository\org\springframework\security\spring-security-crypto\6.0.3\spring-security-crypto-6.0.3.jar;C:\Users\ilhao\.m2\repository\org\springframework\spring-context\6.0.8\spring-context-6.0.8.jar;C:\Users\ilhao\.m2\repository\org\springframework\security\spring-security-web\6.0.3\spring-security-web-6.0.3.jar;C:\Users\ilhao\.m2\repository\org\springframework\spring-expression\6.0.8\spring-expression-6.0.8.jar;C:\Users\ilhao\.m2\repository\org\springframework\boot\spring-boot-starter-data-jpa\3.0.6\spring-boot-starter-data-jpa-3.0.6.jar;C:\Users\ilhao\.m2\repository\org\springframework\boot\spring-boot-starter-aop\3.0.6\spring-boot-starter-aop-3.0.6.jar;C:\Users\ilhao\.m2\repository\org\aspectj\aspectjweaver\1.9.19\aspectjweaver-1.9.19.jar;C:\Users\ilhao\.m2\repository\org\springframework\boot\spring-boot-starter-jdbc\3.0.6\spring-boot-starter-jdbc-3.0.6.jar;C:\Users\ilhao\.m2\repository\com\zaxxer\HikariCP\5.0.1\HikariCP-5.0.1.jar;C:\Users\ilhao\.m2\repository\org\springframework\spring-jdbc\6.0.8\spring-jdbc-6.0.8.jar;C:\Users\ilhao\.m2\repository\org\hibernate\orm\hibernate-core\6.1.7.Final\hibernate-core-6.1.7.Final.jar;C:\Users\ilhao\.m2\repository\jakarta\persistence\jakarta.persistence-api\3.1.0\jakarta.persistence-api-3.1.0.jar;C:\Users\ilhao\.m2\repository\jakarta\transaction\jakarta.transaction-api\2.0.1\jakarta.transaction-api-2.0.1.jar;C:\Users\ilhao\.m2\repository\org\jboss\logging\jboss-logging\3.5.0.Final\jboss-logging-3.5.0.Final.jar;C:\Users\ilhao\.m2\repository\org\hibernate\common\hibernate-commons-annotations\6.0.6.Final\hibernate-commons-annotations-6.0.6.Final.jar;C:\Users\ilhao\.m2\repository\org\jboss\jandex\2.4.2.Final\jandex-2.4.2.Final.jar;C:\Users\ilhao\.m2\repository\com\fasterxml\classmate\1.5.1\classmate-1.5.1.jar;C:\Users\ilhao\.m2\repository\net\bytebuddy\byte-buddy\1.12.23\byte-buddy-1.12.23.jar;C:\Users\ilhao\.m2\repository\org\glassfish\jaxb\jaxb-runtime\4.0.2\jaxb-runtime-4.0.2.jar;C:\Users\ilhao\.m2\repository\org\glassfish\jaxb\jaxb-core\4.0.2\jaxb-core-4.0.2.jar;C:\Users\ilhao\.m2\repository\org\eclipse\angus\angus-activation\2.0.0\angus-activation-2.0.0.jar;C:\Users\ilhao\.m2\repository\org\glassfish\jaxb\txw2\4.0.2\txw2-4.0.2.jar;C:\Users\ilhao\.m2\repository\com\sun\istack\istack-commons-runtime\4.1.1\istack-commons-runtime-4.1.1.jar;C:\Users\ilhao\.m2\repository\jakarta\inject\jakarta.inject-api\2.0.0\jakarta.inject-api-2.0.0.jar;C:\Users\ilhao\.m2\repository\org\antlr\antlr4-runtime\4.10.1\antlr4-runtime-4.10.1.jar;C:\Users\ilhao\.m2\repository\org\springframework\data\spring-data-jpa\3.0.5\spring-data-jpa-3.0.5.jar;C:\Users\ilhao\.m2\repository\org\springframework\data\spring-data-commons\3.0.5\spring-data-commons-3.0.5.jar;C:\Users\ilhao\.m2\repository\org\springframework\spring-orm\6.0.8\spring-orm-6.0.8.jar;C:\Users\ilhao\.m2\repository\org\springframework\spring-tx\6.0.8\spring-tx-6.0.8.jar;C:\Users\ilhao\.m2\repository\org\slf4j\slf4j-api\2.0.7\slf4j-api-2.0.7.jar;C:\Users\ilhao\.m2\repository\org\springframework\spring-aspects\6.0.8\spring-aspects-6.0.8.jar;C:\Users\ilhao\.m2\repository\org\springframework\boot\spring-boot-starter-web\3.0.6\spring-boot-starter-web-3.0.6.jar;C:\Users\ilhao\.m2\repository\org\springframework\boot\spring-boot-starter-json\3.0.6\spring-boot-starter-json-3.0.6.jar;C:\Users\ilhao\.m2\repository\com\fasterxml\jackson\datatype\jackson-datatype-jdk8\2.14.2\jackson-datatype-jdk8-2.14.2.jar;C:\Users\ilhao\.m2\repository\com\fasterxml\jackson\datatype\jackson-datatype-jsr310\2.14.2\jackson-datatype-jsr310-2.14.2.jar;C:\Users\ilhao\.m2\repository\com\fasterxml\jackson\module\jackson-module-parameter-names\2.14.2\jackson-module-parameter-names-2.14.2.jar;C:\Users\ilhao\.m2\repository\org\springframework\boot\spring-boot-starter-tomcat\3.0.6\spring-boot-starter-tomcat-3.0.6.jar;C:\Users\ilhao\.m2\repository\org\apache\tomcat\embed\tomcat-embed-core\10.1.8\tomcat-embed-core-10.1.8.jar;C:\Users\ilhao\.m2\repository\org\apache\tomcat\embed\tomcat-embed-el\10.1.8\tomcat-embed-el-10.1.8.jar;C:\Users\ilhao\.m2\repository\org\apache\tomcat\embed\tomcat-embed-websocket\10.1.8\tomcat-embed-websocket-10.1.8.jar;C:\Users\ilhao\.m2\repository\org\springframework\spring-web\6.0.8\spring-web-6.0.8.jar;C:\Users\ilhao\.m2\repository\io\micrometer\micrometer-observation\1.10.6\micrometer-observation-1.10.6.jar;C:\Users\ilhao\.m2\repository\io\micrometer\micrometer-commons\1.10.6\micrometer-commons-1.10.6.jar;C:\Users\ilhao\.m2\repository\org\springframework\spring-webmvc\6.0.8\spring-webmvc-6.0.8.jar;C:\Users\ilhao\.m2\repository\org\springframework\boot\spring-boot-devtools\3.0.6\spring-boot-devtools-3.0.6.jar;C:\Users\ilhao\.m2\repository\org\springframework\boot\spring-boot\3.0.6\spring-boot-3.0.6.jar;C:\Users\ilhao\.m2\repository\org\springframework\boot\spring-boot-autoconfigure\3.0.6\spring-boot-autoconfigure-3.0.6.jar;C:\Users\ilhao\.m2\repository\com\mysql\mysql-connector-j\8.0.33\mysql-connector-j-8.0.33.jar;C:\Users\ilhao\.m2\repository\org\projectlombok\lombok\1.18.26\lombok-1.18.26.jar;C:\Users\ilhao\.m2\repository\jakarta\xml\bind\jakarta.xml.bind-api\4.0.0\jakarta.xml.bind-api-4.0.0.jar;C:\Users\ilhao\.m2\repository\jakarta\activation\jakarta.activation-api\2.1.1\jakarta.activation-api-2.1.1.jar;C:\Users\ilhao\.m2\repository\org\springframework\spring-core\6.0.8\spring-core-6.0.8.jar;C:\Users\ilhao\.m2\repository\org\springframework\spring-jcl\6.0.8\spring-jcl-6.0.8.jar;C:\Users\ilhao\.m2\repository\io\jsonwebtoken\jjwt-api\0.11.5\jjwt-api-0.11.5.jar;C:\Users\ilhao\.m2\repository\io\jsonwebtoken\jjwt-impl\0.11.5\jjwt-impl-0.11.5.jar;C:\Users\ilhao\.m2\repository\io\jsonwebtoken\jjwt-jackson\0.11.5\jjwt-jackson-0.11.5.jar;C:\Users\ilhao\.m2\repository\com\fasterxml\jackson\core\jackson-databind\2.14.2\jackson-databind-2.14.2.jar;C:\Users\ilhao\.m2\repository\com\fasterxml\jackson\core\jackson-annotations\2.14.2\jackson-annotations-2.14.2.jar;C:\Users\ilhao\.m2\repository\com\fasterxml\jackson\core\jackson-core\2.14.2\jackson-core-2.14.2.jar;C:\Users\ilhao\.m2\repository\io\jsonwebtoken\jjwt\0.9.1\jjwt-0.9.1.jar;C:\Users\ilhao\.m2\repository\com\vaadin\external\google\android-json\0.0.20131108.vaadin1\android-json-0.0.20131108.vaadin1.jar;C:\Users\ilhao\.m2\repository\jakarta\validation\jakarta.validation-api\3.0.2\jakarta.validation-api-3.0.2.jar
Launcher Type: SUN_STANDARD

[Global flags]
     intx CICompilerCount                          = 3                                         {product} {ergonomic}
     uint ConcGCThreads                            = 1                                         {product} {ergonomic}
     uint G1ConcRefinementThreads                  = 4                                         {product} {ergonomic}
   size_t G1HeapRegionSize                         = 1048576                                   {product} {ergonomic}
    uintx GCDrainStackTargetSize                   = 64                                        {product} {ergonomic}
   size_t InitialHeapSize                          = 65011712                                  {product} {ergonomic}
     bool ManagementServer                         = true                                      {product} {command line}
   size_t MarkStackSize                            = 4194304                                   {product} {ergonomic}
   size_t MaxHeapSize                              = 1029701632                                {product} {ergonomic}
   size_t MaxNewSize                               = 617611264                                 {product} {ergonomic}
   size_t MinHeapDeltaBytes                        = 1048576                                   {product} {ergonomic}
   size_t MinHeapSize                              = 8388608                                   {product} {ergonomic}
    uintx NonProfiledCodeHeapSize                  = 0                                      {pd product} {ergonomic}
     bool ProfileInterpreter                       = false                                  {pd product} {command line}
    uintx ProfiledCodeHeapSize                     = 0                                      {pd product} {ergonomic}
   size_t SoftMaxHeapSize                          = 1029701632                             {manageable} {ergonomic}
     intx TieredStopAtLevel                        = 1                                         {product} {command line}
     bool UseCompressedClassPointers               = true                           {product lp64_product} {ergonomic}
     bool UseCompressedOops                        = true                           {product lp64_product} {ergonomic}
     bool UseG1GC                                  = true                                      {product} {ergonomic}
     bool UseLargePagesIndividualAllocation        = false                                  {pd product} {ergonomic}

Logging:
Log output configuration:
 #0: stdout all=warning uptime,level,tags foldmultilines=false
 #1: stderr all=off uptime,level,tags foldmultilines=false

Environment Variables:
JAVA_HOME=C:\Program Files\Java\jdk-18.0.1
PATH=C:\ProgramData\Oracle\Java\javapath;C:\Program Files\Common Files\Oracle\Java\javapath;C:\Program Files\Eclipse Foundation\jdk-8.0.302.8-hotspot\bin;C:\Windows\system32;C:\Windows;C:\Windows\System32\Wbem;C:\Windows\System32\WindowsPowerShell\v1.0\;C:\Windows\System32\OpenSSH\;C:\Program Files\Microsoft SQL Server\130\Tools\Binn\;C:\Program Files\dotnet\;C:\Program Files\Microsoft SQL Server\Client SDK\ODBC\170\Tools\Binn\;C:\Program Files\Maven\apache-maven-3.8.6\bin;C:\Program Files\TomCat\apache-tomcat-9.0.64\bin;C:\Program Files\Git\cmd;C:\MySql\bin;;C:\Program Files\Docker\Docker\resources\bin;C:\Program Files\nodejs\;C:\Users\ilhao\AppData\Local\Microsoft\WindowsApps;C:\Users\ilhao\.dotnet\tools;C:\Program Files\Maven\apache-maven-3.8.6;C:\Program Files\heroku\bin;C:\Users\ilhao\AppData\Roaming\npm
USERNAME=ilhao
OS=Windows_NT
PROCESSOR_IDENTIFIER=Intel64 Family 6 Model 92 Stepping 9, GenuineIntel



---------------  S Y S T E M  ---------------

OS:
 Windows 10 , 64 bit Build 19041 (10.0.19041.3155)
OS uptime: 0 days 3:18 hours

CPU: total 4 (initial active 4) (4 cores per cpu, 1 threads per core) family 6 model 92 stepping 9 microcode 0x32, cx8, cmov, fxsr, mmx, 3dnowpref, sse, sse2, sse3, ssse3, sse4.1, sse4.2, popcnt, tsc, tscinvbit, aes, erms, clmul, sha, clflush, clflushopt

Memory: 4k page, system-wide physical 3927M (342M free)
TotalPageFile size 12466M (AvailPageFile size 2351M)
current process WorkingSet (physical memory assigned to process): 176M, peak: 176M
current process commit charge ("private bytes"): 218M, peak: 218M

vm_info: Java HotSpot(TM) 64-Bit Server VM (18.0.1+10-24) for windows-amd64 JRE (18.0.1+10-24), built on Mar  9 2022 22:41:56 by "mach5one" with MS VC++ 16.8 / 16.9 (VS2019)

END.
